<?xml version="1.0" encoding="UTF-8"?>
<!-- Generated by org.testng.reporters.JUnitXMLReporter -->
<testsuite ignored="0" hostname="Abhisheks-MacBook.local" failures="0" tests="4" name="SeleniumSession" time="42.568" errors="0" timestamp="2021-06-01T19:51:46 IST">
  <testcase classname="com.pos.testcases.LoginPageTest" name="blankUsernameTest" time="0.602"/>
  <testcase classname="com.pos.testcases.LoginPageTest" name="loginPageTitleTest" time="0.025"/>
  <testcase classname="com.pos.testcases.LoginPageTest" name="loginTest" time="0.639"/>
  <testcase classname="com.pos.testcases.SiteSelectionTest" name="clickOnSiteLink" time="6.29"/>
</testsuite> <!-- SeleniumSession -->
